[2022-06-01 16:02:37] production.ERROR: symlink(): File exists {"exception":"[object] (ErrorException(code: 0): symlink(): File exists at /home/dqh/project/php/MyTravel/app/Providers/AppServiceProvider.php:43)
[stacktrace]
#0 [internal function]: Illuminate\\Foundation\\Bootstrap\\HandleExceptions->handleError()
#1 /home/dqh/project/php/MyTravel/app/Providers/AppServiceProvider.php(43): symlink()
#2 /home/dqh/project/php/MyTravel/vendor/laravel/framework/src/Illuminate/Container/BoundMethod.php(36): App\\Providers\\AppServiceProvider->boot()
#3 /home/dqh/project/php/MyTravel/vendor/laravel/framework/src/Illuminate/Container/Util.php(40): Illuminate\\Container\\BoundMethod::Illuminate\\Container\\{closure}()
#4 /home/dqh/project/php/MyTravel/vendor/laravel/framework/src/Illuminate/Container/BoundMethod.php(93): Illuminate\\Container\\Util::unwrapIfClosure()
#5 /home/dqh/project/php/MyTravel/vendor/laravel/framework/src/Illuminate/Container/BoundMethod.php(37): Illuminate\\Container\\BoundMethod::callBoundMethod()
#6 /home/dqh/project/php/MyTravel/vendor/laravel/framework/src/Illuminate/Container/Container.php(653): Illuminate\\Container\\BoundMethod::call()
#7 /home/dqh/project/php/MyTravel/vendor/laravel/framework/src/Illuminate/Foundation/Application.php(914): Illuminate\\Container\\Container->call()
#8 /home/dqh/project/php/MyTravel/vendor/laravel/framework/src/Illuminate/Foundation/Application.php(895): Illuminate\\Foundation\\Application->bootProvider()
#9 [internal function]: Illuminate\\Foundation\\Application->Illuminate\\Foundation\\{closure}()
#10 /home/dqh/project/php/MyTravel/vendor/laravel/framework/src/Illuminate/Foundation/Application.php(896): array_walk()
#11 /home/dqh/project/php/MyTravel/vendor/laravel/framework/src/Illuminate/Foundation/Bootstrap/BootProviders.php(17): Illuminate\\Foundation\\Application->boot()
#12 /home/dqh/project/php/MyTravel/vendor/laravel/framework/src/Illuminate/Foundation/Application.php(237): Illuminate\\Foundation\\Bootstrap\\BootProviders->bootstrap()
#13 /home/dqh/project/php/MyTravel/vendor/laravel/framework/src/Illuminate/Foundation/Http/Kernel.php(153): Illuminate\\Foundation\\Application->bootstrapWith()
#14 /home/dqh/project/php/MyTravel/vendor/laravel/framework/src/Illuminate/Foundation/Http/Kernel.php(137): Illuminate\\Foundation\\Http\\Kernel->bootstrap()
#15 /home/dqh/project/php/MyTravel/vendor/laravel/framework/src/Illuminate/Foundation/Http/Kernel.php(111): Illuminate\\Foundation\\Http\\Kernel->sendRequestThroughRouter()
#16 /home/dqh/project/php/MyTravel/public/index.php(73): Illuminate\\Foundation\\Http\\Kernel->handle()
#17 /home/dqh/project/php/MyTravel/server.php(21): require_once('...')
#18 {main}
"} 
